# JRE version: OpenJDK Runtime Environment Temurin-21.0.10+7 (21.0.10+7) (build 21.0.10+7-LTS)
# Java VM: OpenJDK 64-Bit Server VM Temurin-21.0.10+7 (21.0.10+7-LTS, mixed mode, sharing, tiered, compressed oops, compressed class ptrs, parallel gc, windows-amd64)
GC Precious Log:
 CardTable entry size: 512
 CPUs: 8 total, 8 available
 Memory: 7959M
 Large Page Support: Disabled
 NUMA Support: Disabled
 Compressed Oops: Enabled (32-bit)
 Alignments: Space 512K, Generation 512K, Heap 2M
 Heap Min Capacity: 100M
 Heap Initial Capacity: 100M
 Heap Max Capacity: 2G
 Pre-touch: Disabled
 Parallel Workers: 8
Heap:
 PSYoungGen      total 4608K, used 1960K [0x00000000d5580000, 0x00000000d5f80000, 0x0000000100000000)
  eden space 4096K, 41% used [0x00000000d5580000,0x00000000d572a0e8,0x00000000d5980000)
  from space 512K, 50% used [0x00000000d5f00000,0x00000000d5f40020,0x00000000d5f80000)
  to   space 2048K, 0% used [0x00000000d5b80000,0x00000000d5b80000,0x00000000d5d80000)
 ParOldGen       total 585728K, used 585455K [0x0000000080000000, 0x00000000a3c00000, 0x00000000d5580000)
  object space 585728K, 99% used [0x0000000080000000,0x00000000a3bbbde8,0x00000000a3c00000)
 Metaspace       used 88396K, committed 90176K, reserved 1179648K
  class space    used 9237K, committed 10048K, reserved 1048576K
GC Heap History (20 events):
Event: 887.205 GC heap before
{Heap before GC invocations=1371 (full 4):
 PSYoungGen      total 4608K, used 4606K [0x00000000d5580000, 0x00000000d5c00000, 0x0000000100000000)
  eden space 4096K, 99% used [0x00000000d5580000,0x00000000d597f930,0x00000000d5980000)
  from space 512K, 100% used [0x00000000d5b80000,0x00000000d5c00000,0x00000000d5c00000)
  to   space 1024K, 0% used [0x00000000d5a00000,0x00000000d5a00000,0x00000000d5b00000)
 ParOldGen       total 574464K, used 574167K [0x0000000080000000, 0x00000000a3100000, 0x00000000d5580000)
  object space 574464K, 99% used [0x0000000080000000,0x00000000a30b5fc8,0x00000000a3100000)
 Metaspace       used 88357K, committed 90176K, reserved 1179648K
  class space    used 9237K, committed 10048K, reserved 1048576K
}
Event: 887.208 GC heap after
{Heap after GC invocations=1371 (full 4):
 PSYoungGen      total 5120K, used 608K [0x00000000d5580000, 0x00000000d5c00000, 0x0000000100000000)
  eden space 4096K, 0% used [0x00000000d5580000,0x00000000d5580000,0x00000000d5980000)
  from space 1024K, 59% used [0x00000000d5a00000,0x00000000d5a98000,0x00000000d5b00000)
  to   space 1024K, 0% used [0x00000000d5b00000,0x00000000d5b00000,0x00000000d5c00000)
 ParOldGen       total 574976K, used 574690K [0x0000000080000000, 0x00000000a3180000, 0x00000000d5580000)
  object space 574976K, 99% used [0x0000000080000000,0x00000000a31388e8,0x00000000a3180000)
 Metaspace       used 88357K, committed 90176K, reserved 1179648K
  class space    used 9237K, committed 10048K, reserved 1048576K
}
Event: 887.789 GC heap before
{Heap before GC invocations=1372 (full 4):
 PSYoungGen      total 5120K, used 4704K [0x00000000d5580000, 0x00000000d5c00000, 0x0000000100000000)
  eden space 4096K, 100% used [0x00000000d5580000,0x00000000d5980000,0x00000000d5980000)
  from space 1024K, 59% used [0x00000000d5a00000,0x00000000d5a98000,0x00000000d5b00000)
  to   space 1024K, 0% used [0x00000000d5b00000,0x00000000d5b00000,0x00000000d5c00000)
 ParOldGen       total 574976K, used 574690K [0x0000000080000000, 0x00000000a3180000, 0x00000000d5580000)
  object space 574976K, 99% used [0x0000000080000000,0x00000000a31388e8,0x00000000a3180000)
 Metaspace       used 88357K, committed 90176K, reserved 1179648K
  class space    used 9237K, committed 10048K, reserved 1048576K
}
Event: 887.792 GC heap after
{Heap after GC invocations=1372 (full 4):
 PSYoungGen      total 5120K, used 704K [0x00000000d5580000, 0x00000000d5c00000, 0x0000000100000000)
  eden space 4096K, 0% used [0x00000000d5580000,0x00000000d5580000,0x00000000d5980000)
  from space 1024K, 68% used [0x00000000d5b00000,0x00000000d5bb0000,0x00000000d5c00000)
  to   space 1024K, 0% used [0x00000000d5a00000,0x00000000d5a00000,0x00000000d5b00000)
 ParOldGen       total 574976K, used 574866K [0x0000000080000000, 0x00000000a3180000, 0x00000000d5580000)
  object space 574976K, 99% used [0x0000000080000000,0x00000000a31648e8,0x00000000a3180000)
 Metaspace       used 88357K, committed 90176K, reserved 1179648K
  class space    used 9237K, committed 10048K, reserved 1048576K
}
Event: 887.828 GC heap before
{Heap before GC invocations=1373 (full 4):
 PSYoungGen      total 5120K, used 4800K [0x00000000d5580000, 0x00000000d5c00000, 0x0000000100000000)
  eden space 4096K, 100% used [0x00000000d5580000,0x00000000d5980000,0x00000000d5980000)
  from space 1024K, 68% used [0x00000000d5b00000,0x00000000d5bb0000,0x00000000d5c00000)
  to   space 1024K, 0% used [0x00000000d5a00000,0x00000000d5a00000,0x00000000d5b00000)
 ParOldGen       total 574976K, used 574866K [0x0000000080000000, 0x00000000a3180000, 0x00000000d5580000)
  object space 574976K, 99% used [0x0000000080000000,0x00000000a31648e8,0x00000000a3180000)
 Metaspace       used 88357K, committed 90176K, reserved 1179648K
  class space    used 9237K, committed 10048K, reserved 1048576K
}
Event: 887.831 GC heap after
{Heap after GC invocations=1373 (full 4):
 PSYoungGen      total 5120K, used 192K [0x00000000d5580000, 0x00000000d5b80000, 0x0000000100000000)
  eden space 4096K, 0% used [0x00000000d5580000,0x00000000d5580000,0x00000000d5980000)
  from space 1024K, 18% used [0x00000000d5a00000,0x00000000d5a30000,0x00000000d5b00000)
  to   space 512K, 0% used [0x00000000d5b00000,0x00000000d5b00000,0x00000000d5b80000)
 ParOldGen       total 575488K, used 575368K [0x0000000080000000, 0x00000000a3200000, 0x00000000d5580000)
  object space 575488K, 99% used [0x0000000080000000,0x00000000a31e2338,0x00000000a3200000)
 Metaspace       used 88357K, committed 90176K, reserved 1179648K
  class space    used 9237K, committed 10048K, reserved 1048576K
}
Event: 888.613 GC heap before
{Heap before GC invocations=1374 (full 4):
 PSYoungGen      total 5120K, used 4288K [0x00000000d5580000, 0x00000000d5b80000, 0x0000000100000000)
  eden space 4096K, 100% used [0x00000000d5580000,0x00000000d5980000,0x00000000d5980000)
  from space 1024K, 18% used [0x00000000d5a00000,0x00000000d5a30000,0x00000000d5b00000)
  to   space 512K, 0% used [0x00000000d5b00000,0x00000000d5b00000,0x00000000d5b80000)
 ParOldGen       total 575488K, used 575368K [0x0000000080000000, 0x00000000a3200000, 0x00000000d5580000)
  object space 575488K, 99% used [0x0000000080000000,0x00000000a31e2338,0x00000000a3200000)
 Metaspace       used 88371K, committed 90176K, reserved 1179648K
  class space    used 9237K, committed 10048K, reserved 1048576K
}
Event: 888.616 GC heap after
{Heap after GC invocations=1374 (full 4):
 PSYoungGen      total 4608K, used 496K [0x00000000d5580000, 0x00000000d5b80000, 0x0000000100000000)
  eden space 4096K, 0% used [0x00000000d5580000,0x00000000d5580000,0x00000000d5980000)
  from space 512K, 96% used [0x00000000d5b00000,0x00000000d5b7c010,0x00000000d5b80000)
  to   space 1024K, 0% used [0x00000000d5980000,0x00000000d5980000,0x00000000d5a80000)
 ParOldGen       total 575488K, used 575384K [0x0000000080000000, 0x00000000a3200000, 0x00000000d5580000)
  object space 575488K, 99% used [0x0000000080000000,0x00000000a31e6338,0x00000000a3200000)
 Metaspace       used 88371K, committed 90176K, reserved 1179648K
  class space    used 9237K, committed 10048K, reserved 1048576K
}
Event: 888.873 GC heap before
{Heap before GC invocations=1375 (full 4):
 PSYoungGen      total 4608K, used 4592K [0x00000000d5580000, 0x00000000d5b80000, 0x0000000100000000)
  eden space 4096K, 100% used [0x00000000d5580000,0x00000000d5980000,0x00000000d5980000)
  from space 512K, 96% used [0x00000000d5b00000,0x00000000d5b7c010,0x00000000d5b80000)
  to   space 1024K, 0% used [0x00000000d5980000,0x00000000d5980000,0x00000000d5a80000)
 ParOldGen       total 575488K, used 575384K [0x0000000080000000, 0x00000000a3200000, 0x00000000d5580000)
  object space 575488K, 99% used [0x0000000080000000,0x00000000a31e6338,0x00000000a3200000)
 Metaspace       used 88381K, committed 90176K, reserved 1179648K
  class space    used 9237K, committed 10048K, reserved 1048576K
}
Event: 888.882 GC heap after
{Heap after GC invocations=1375 (full 4):
 PSYoungGen      total 5120K, used 240K [0x00000000d5580000, 0x00000000d5b80000, 0x0000000100000000)
  eden space 4096K, 0% used [0x00000000d5580000,0x00000000d5580000,0x00000000d5980000)
  from space 1024K, 23% used [0x00000000d5980000,0x00000000d59bc010,0x00000000d5a80000)
  to   space 512K, 0% used [0x00000000d5b00000,0x00000000d5b00000,0x00000000d5b80000)
 ParOldGen       total 576000K, used 575863K [0x0000000080000000, 0x00000000a3280000, 0x00000000d5580000)
  object space 576000K, 99% used [0x0000000080000000,0x00000000a325dd88,0x00000000a3280000)
 Metaspace       used 88381K, committed 90176K, reserved 1179648K
  class space    used 9237K, committed 10048K, reserved 1048576K
}
Event: 889.449 GC heap before
{Heap before GC invocations=1376 (full 4):
 PSYoungGen      total 5120K, used 4336K [0x00000000d5580000, 0x00000000d5b80000, 0x0000000100000000)
  eden space 4096K, 100% used [0x00000000d5580000,0x00000000d5980000,0x00000000d5980000)
  from space 1024K, 23% used [0x00000000d5980000,0x00000000d59bc010,0x00000000d5a80000)
  to   space 512K, 0% used [0x00000000d5b00000,0x00000000d5b00000,0x00000000d5b80000)
 ParOldGen       total 576000K, used 575863K [0x0000000080000000, 0x00000000a3280000, 0x00000000d5580000)
  object space 576000K, 99% used [0x0000000080000000,0x00000000a325dd88,0x00000000a3280000)
 Metaspace       used 88381K, committed 90176K, reserved 1179648K
  class space    used 9237K, committed 10048K, reserved 1048576K
}
Event: 889.452 GC heap after
{Heap after GC invocations=1376 (full 4):
 PSYoungGen      total 4608K, used 484K [0x00000000d5580000, 0x00000000d5c80000, 0x0000000100000000)
  eden space 4096K, 0% used [0x00000000d5580000,0x00000000d5580000,0x00000000d5980000)
  from space 512K, 94% used [0x00000000d5b00000,0x00000000d5b79018,0x00000000d5b80000)
  to   space 1536K, 0% used [0x00000000d5980000,0x00000000d5980000,0x00000000d5b00000)
 ParOldGen       total 576512K, used 576291K [0x0000000080000000, 0x00000000a3300000, 0x00000000d5580000)
  object space 576512K, 99% used [0x0000000080000000,0x00000000a32c8da0,0x00000000a3300000)
 Metaspace       used 88381K, committed 90176K, reserved 1179648K
  class space    used 9237K, committed 10048K, reserved 1048576K
}
Event: 889.469 GC heap before
{Heap before GC invocations=1377 (full 4):
 PSYoungGen      total 4608K, used 4577K [0x00000000d5580000, 0x00000000d5c80000, 0x0000000100000000)
  eden space 4096K, 99% used [0x00000000d5580000,0x00000000d597f7c0,0x00000000d5980000)
  from space 512K, 94% used [0x00000000d5b00000,0x00000000d5b79018,0x00000000d5b80000)
  to   space 1536K, 0% used [0x00000000d5980000,0x00000000d5980000,0x00000000d5b00000)
 ParOldGen       total 576512K, used 576291K [0x0000000080000000, 0x00000000a3300000, 0x00000000d5580000)
  object space 576512K, 99% used [0x0000000080000000,0x00000000a32c8da0,0x00000000a3300000)
 Metaspace       used 88381K, committed 90176K, reserved 1179648K
  class space    used 9237K, committed 10048K, reserved 1048576K
}
Event: 889.475 GC heap after
{Heap after GC invocations=1377 (full 4):
 PSYoungGen      total 5632K, used 1536K [0x00000000d5580000, 0x00000000d6480000, 0x0000000100000000)
  eden space 4096K, 0% used [0x00000000d5580000,0x00000000d5580000,0x00000000d5980000)
  from space 1536K, 100% used [0x00000000d5980000,0x00000000d5b00000,0x00000000d5b00000)
  to   space 5632K, 0% used [0x00000000d5f00000,0x00000000d5f00000,0x00000000d6480000)
 ParOldGen       total 579584K, used 579295K [0x0000000080000000, 0x00000000a3600000, 0x00000000d5580000)
  object space 579584K, 99% used [0x0000000080000000,0x00000000a35b7dc8,0x00000000a3600000)
 Metaspace       used 88381K, committed 90176K, reserved 1179648K
  class space    used 9237K, committed 10048K, reserved 1048576K
}
Event: 889.525 GC heap before
{Heap before GC invocations=1378 (full 4):
 PSYoungGen      total 5632K, used 5496K [0x00000000d5580000, 0x00000000d6480000, 0x0000000100000000)
  eden space 4096K, 96% used [0x00000000d5580000,0x00000000d595e380,0x00000000d5980000)
  from space 1536K, 100% used [0x00000000d5980000,0x00000000d5b00000,0x00000000d5b00000)
  to   space 5632K, 0% used [0x00000000d5f00000,0x00000000d5f00000,0x00000000d6480000)
 ParOldGen       total 579584K, used 579295K [0x0000000080000000, 0x00000000a3600000, 0x00000000d5580000)
  object space 579584K, 99% used [0x0000000080000000,0x00000000a35b7dc8,0x00000000a3600000)
 Metaspace       used 88382K, committed 90176K, reserved 1179648K
  class space    used 9237K, committed 10048K, reserved 1048576K
}
Event: 889.535 GC heap after
{Heap after GC invocations=1378 (full 4):
 PSYoungGen      total 6144K, used 1728K [0x00000000d5580000, 0x00000000d6100000, 0x0000000100000000)
  eden space 4096K, 0% used [0x00000000d5580000,0x00000000d5580000,0x00000000d5980000)
  from space 2048K, 84% used [0x00000000d5f00000,0x00000000d60b0020,0x00000000d6100000)
  to   space 3072K, 0% used [0x00000000d5b00000,0x00000000d5b00000,0x00000000d5e00000)
 ParOldGen       total 581120K, used 580855K [0x0000000080000000, 0x00000000a3780000, 0x00000000d5580000)
  object space 581120K, 99% used [0x0000000080000000,0x00000000a373ddc8,0x00000000a3780000)
 Metaspace       used 88382K, committed 90176K, reserved 1179648K
  class space    used 9237K, committed 10048K, reserved 1048576K
}
Event: 889.614 GC heap before
{Heap before GC invocations=1379 (full 4):
 PSYoungGen      total 6144K, used 5824K [0x00000000d5580000, 0x00000000d6100000, 0x0000000100000000)
  eden space 4096K, 100% used [0x00000000d5580000,0x00000000d5980000,0x00000000d5980000)
  from space 2048K, 84% used [0x00000000d5f00000,0x00000000d60b0020,0x00000000d6100000)
  to   space 3072K, 0% used [0x00000000d5b00000,0x00000000d5b00000,0x00000000d5e00000)
 ParOldGen       total 581120K, used 580855K [0x0000000080000000, 0x00000000a3780000, 0x00000000d5580000)
  object space 581120K, 99% used [0x0000000080000000,0x00000000a373ddc8,0x00000000a3780000)
 Metaspace       used 88382K, committed 90176K, reserved 1179648K
  class space    used 9237K, committed 10048K, reserved 1048576K
}
Event: 889.620 GC heap after
{Heap after GC invocations=1379 (full 4):
 PSYoungGen      total 7168K, used 3056K [0x00000000d5580000, 0x00000000d6480000, 0x0000000100000000)
  eden space 4096K, 0% used [0x00000000d5580000,0x00000000d5580000,0x00000000d5980000)
  from space 3072K, 99% used [0x00000000d5b00000,0x00000000d5dfc000,0x00000000d5e00000)
  to   space 5632K, 0% used [0x00000000d5f00000,0x00000000d5f00000,0x00000000d6480000)
 ParOldGen       total 582656K, used 582463K [0x0000000080000000, 0x00000000a3900000, 0x00000000d5580000)
  object space 582656K, 99% used [0x0000000080000000,0x00000000a38cfde8,0x00000000a3900000)
 Metaspace       used 88382K, committed 90176K, reserved 1179648K
  class space    used 9237K, committed 10048K, reserved 1048576K
}
Event: 891.757 GC heap before
{Heap before GC invocations=1380 (full 4):
 PSYoungGen      total 7168K, used 7152K [0x00000000d5580000, 0x00000000d6480000, 0x0000000100000000)
  eden space 4096K, 100% used [0x00000000d5580000,0x00000000d5980000,0x00000000d5980000)
  from space 3072K, 99% used [0x00000000d5b00000,0x00000000d5dfc000,0x00000000d5e00000)
  to   space 5632K, 0% used [0x00000000d5f00000,0x00000000d5f00000,0x00000000d6480000)
 ParOldGen       total 582656K, used 582463K [0x0000000080000000, 0x00000000a3900000, 0x00000000d5580000)
  object space 582656K, 99% used [0x0000000080000000,0x00000000a38cfde8,0x00000000a3900000)
 Metaspace       used 88384K, committed 90176K, reserved 1179648K
  class space    used 9237K, committed 10048K, reserved 1048576K
}
Event: 891.762 GC heap after
{Heap after GC invocations=1380 (full 4):
 PSYoungGen      total 4608K, used 256K [0x00000000d5580000, 0x00000000d5f80000, 0x0000000100000000)
  eden space 4096K, 0% used [0x00000000d5580000,0x00000000d5580000,0x00000000d5980000)
  from space 512K, 50% used [0x00000000d5f00000,0x00000000d5f40020,0x00000000d5f80000)
  to   space 2048K, 0% used [0x00000000d5b80000,0x00000000d5b80000,0x00000000d5d80000)
 ParOldGen       total 585728K, used 585455K [0x0000000080000000, 0x00000000a3c00000, 0x00000000d5580000)
  object space 585728K, 99% used [0x0000000080000000,0x00000000a3bbbde8,0x00000000a3c00000)
 Metaspace       used 88384K, committed 90176K, reserved 1179648K
  class space    used 9237K, committed 10048K, reserved 1048576K
}

